  test.cpp
  vector.hpp
  正在生成代码...
vector.obj : error LNK2005: "void __cdecl VecTest(void)" (?VecTest@@YAXXZ) 已经在 test.obj 中定义
S:\CPP\Cpp\STL-String\Project1\Debug\Project1.exe : fatal error LNK1169: 找到一个或多个多重定义的符号
